Microsoft (R) Macro Assembler Version 14.10.25019.0	    11/15/17 03:08:26
CS2810 Assembler Templat				     Page 1 - 1


				TITLE CS2810 Assembler Template

				; Student Name:  Jason Steadman
				; Assignment Due Date:  10/19/2017

				INCLUDE Irvine32.inc
			      C ; Include file for Irvine32.lib             (Irvine32.inc)
			      C 
			      C ;OPTION CASEMAP:NONE		; optional: make identifiers case-sensitive
			      C 
			      C INCLUDE SmallWin.inc		; MS-Windows prototypes, structures, and constants
			      C .NOLIST
			      C .LIST
			      C 
			      C INCLUDE VirtualKeys.inc
			      C ; VirtualKeys.inc
			      C .NOLIST
			      C .LIST
			      C 
			      C 
			      C .NOLIST
			      C .LIST
			      C 
 00000000			.data
					;--------- Enter Data Here
 00000000 43 53 32 38 31		vSemester byte "CS2810 Fall Semester 2017", 0
	   30 20 46 61 6C
	   6C 20 53 65 6D
	   65 73 74 65 72
	   20 32 30 31 37
	   00
 0000001A 41 73 73 65 6D		vProject byte "Assembler Assignment #3", 0
	   62 6C 65 72 20
	   41 73 73 69 67
	   6E 6D 65 6E 74
	   20 23 33 00
 00000032 4A 61 73 6F 6E		vName byte "Jason Steadman", 0
	   20 53 74 65 61
	   64 6D 61 6E 00
 00000041 50 6C 65 61 73		vPrompt byte "Please enter a MP3 frame header in hex format:  ",0
	   65 20 65 6E 74
	   65 72 20 61 20
	   4D 50 33 20 66
	   72 61 6D 65 20
	   68 65 61 64 65
	   72 20 69 6E 20
	   68 65 78 20 66
	   6F 72 6D 61 74
	   3A 20 20 00

					;-----Versions-----
 00000072 4D 50 45 47 20		vMPEG1 byte  "MPEG Version 1.0",0
	   56 65 72 73 69
	   6F 6E 20 31 2E
	   30 00
 00000083 4D 50 45 47 20		vMPEG20 byte "MPEG Version 2.0",0
	   56 65 72 73 69
	   6F 6E 20 32 2E
	   30 00
 00000094 4D 50 45 47 20		vMPEG25 byte "MPEG Version 2.5",0
	   56 65 72 73 69
	   6F 6E 20 32 2E
	   35 00
 000000A5 4D 50 45 47 20		vMPEGRE byte "MPEG Version is Reserved",0
	   56 65 72 73 69
	   6F 6E 20 69 73
	   20 52 65 73 65
	   72 76 65 64 00
 000000BE 20 00				VVersion byte " ",0
					;-----Layers-----
 000000C0 4C 61 79 65 72		vL1 byte "Layer I",0
	   20 49 00
 000000C8 4C 61 79 65 72		vL2 byte "Layer II",0
	   20 49 49 00
 000000D1 4C 61 79 65 72		vL3 byte "Layer III",0
	   20 49 49 49 00
 000000DB 4C 61 79 65 72		vLR byte "Layer is Reserved",0
	   20 69 73 20 52
	   65 73 65 72 76
	   65 64 00

					;-----Sampling Rate frequency index----

 000000ED 34 34 2C 31 30		vS10 byte "44,100 Hz",0
	   30 20 48 7A 00
 000000F7 34 38 2C 30 30		vS11 byte "48,000 Hz",0
	   30 20 48 7A 00
 00000101 33 32 2C 30 30		vS12 byte "32,000 Hz",0
	   30 20 48 7A 00
 0000010B 32 32 2C 30 35		vS20 byte "22,050 Hz",0
	   30 20 48 7A 00
 00000115 32 34 2C 30 30		vS21 byte "24,000 Hz",0
	   30 20 48 7A 00
 0000011F 31 36 2C 30 30		vS22 byte "16,000 Hz",0
	   30 20 48 7A 00
 00000129 31 31 2C 30 32		vS30 byte "11,025 Hz",0
	   35 20 48 7A 00
 00000133 31 32 2C 30 30		vS31 byte "12,000 Hz",0
	   30 20 48 7A 00
 0000013D 38 2C 30 30 30		vS32 byte "8,000 Hz",0
	   20 48 7A 00
 00000146 53 61 6D 70 6C		vSRE byte "Sample is Reserved"
	   65 20 69 73 20
	   52 65 73 65 72
	   76 65 64


					;Need a 0 to terminate, like C-strings
 00000000			.code
 00000000			main PROC
					;--------- Enter Code Below Here

 00000000  E8 00000000 E		call clrscr
 00000005  E8 00000019			call Heading
 0000000A  E8 0000004E			call Prompt
 0000000F  E8 0000006D			call Version
 00000014  E8 000000B2			call Layer
 00000019  E8 000000F3			call SampleRate	
 0000001E  E8 000001B0			call TheEnd


 00000023				Heading:
 00000023  B6 0A				mov dh, 10		;Row
 00000025  B2 0C				mov dl, 12		;column
 00000027  E8 00000000 E			call gotoxy
					
 0000002C  BA 00000000 R			mov EDX, offset vSemester		;offset means an address
 00000031  E8 00000000 E			call writestring

						;--Project--
 00000036  B6 0B				mov dh, 11
 00000038  B2 0C				mov dl, 12
 0000003A  E8 00000000 E			call gotoxy
 0000003F  BA 0000001A R			mov EDX, offset vProject
 00000044  E8 00000000 E			call writestring

						;--Name--
 00000049  B6 0C				mov dh, 12
 0000004B  B2 0C				mov dl, 12
 0000004D  E8 00000000 E			call gotoxy
 00000052  BA 00000032 R			mov EDX, offset vName
 00000057  E8 00000000 E			call writestring

 0000005C  C3					ret

 0000005D				Prompt:
 0000005D  B6 0D				mov dh, 13
 0000005F  B2 0C				mov dl, 12
 00000061  E8 00000000 E			call gotoxy
 00000066  BA 00000041 R			mov EDX, offset vPrompt
 0000006B  E8 00000000 E			call writestring

 00000070  B6 0E				mov dh, 14
 00000072  B2 0C				mov dl, 12
 00000074  E8 00000000 E			call gotoxy
 00000079  E8 00000000 E			call readhex		;Get user input
 0000007E  8B C8				mov ecx, eax		;Copy ax

 00000080  C3					ret

 00000081				Version:

 00000081  B6 0F				mov dh, 15
 00000083  B2 0C				mov dl, 12
 00000085  E8 00000000 E			call gotoxy

						;---Find version---
 0000008A  C1 C8 13				ror eax, 19
 0000008D  83 E0 03				and eax, 3h

						;---Check version---
 00000090  83 F8 00				cmp eax, 00b
 00000093  74 11				jz dMPEG25

 00000095  83 F8 01				cmp eax, 01b
 00000098  74 14				jz dMPEGRE

 0000009A  83 F8 02				cmp eax, 10b
 0000009D  74 17				jz dMPEG20

 0000009F  BA 00000072 R			mov edx, offset vMPEG1
 000000A4  EB 19				jmp DisplayVersion

 000000A6					dMPEG25:
 000000A6  BA 00000094 R				mov edx, offset vMPEG25
 000000AB  EB 12					jmp DisplayVersion
 000000AD  C3						ret

 000000AE					dMPEGRE:
 000000AE  BA 000000A5 R				mov edx, offset vMPEGRE
 000000B3  EB 0A					jmp DisplayVersion
 000000B5  C3						ret

 000000B6					dMPEG20:
 000000B6  BA 00000083 R				mov edx, offset vMPEG20
 000000BB  EB 02					jmp DisplayVersion
 000000BD  C3						ret

 000000BE  C3					ret

 000000BF				DisplayVersion:
 000000BF  E8 00000000 E			call writestring
 000000C4  66| A3				mov word ptr vVersion, ax
	   000000BE R
 000000CA  C3					ret

 000000CB				Layer:

 000000CB  B6 10				mov dh, 16
 000000CD  B2 0C				mov dl, 12
 000000CF  E8 00000000 E			call gotoxy

 000000D4  8B C1				mov eax, ecx
						
						;---Find layer---
 000000D6  C1 C8 11				ror eax, 17
 000000D9  83 E0 03				and eax, 3h

						;---Check layer---

 000000DC  83 F8 00				cmp eax, 00b
 000000DF  74 11				jz dReserved

 000000E1  83 F8 01				cmp eax, 01b
 000000E4  74 14				jz dLayer3

 000000E6  83 F8 02				cmp eax, 10b
 000000E9  74 17				jz dLayer2

 000000EB  BA 000000C0 R			mov edx, offset vL1
 000000F0  EB 19				jmp DisplayLayer

 000000F2					dReserved:
 000000F2  BA 000000DB R				mov edx, offset vLR
 000000F7  EB 12					jmp DisplayLayer
 000000F9  C3						ret

 000000FA					dLayer3:
 000000FA  BA 000000D1 R				mov edx, offset vL3
 000000FF  EB 0A					jmp DisplayLayer
 00000101  C3						ret

 00000102					dLayer2:
 00000102  BA 000000C8 R				mov edx, offset vL2
 00000107  EB 02					jmp DisplayLayer
 00000109  C3						ret

 0000010A  C3					ret

 0000010B				DisplayLayer:
 0000010B  E8 00000000 E			call writestring
 00000110  C3					ret

 00000111				SampleRate:

 00000111  B6 11				mov dh, 17
 00000113  B2 0C				mov dl, 12
 00000115  E8 00000000 E			call gotoxy

 0000011A  8B C1				mov eax, ecx

 0000011C  C1 C8 0A				ror eax, 10
 0000011F  83 E0 03				and eax, 3h

 00000122  83 F8 03				cmp eax, 11b
 00000125  0F 84 00000099			jz SRE

						;---Find version---
 0000012B  80 3D 000000BE R			cmp vVersion, 00b
	   00
 00000132  74 68				jz V25

 00000134  80 3D 000000BE R			cmp vVersion, 01b
	   01
 0000013B  0F 84 00000083			jz SRE

 00000141  80 3D 000000BE R			cmp vVersion, 10b
	   02
 00000148  74 2A				jz V2

 0000014A  EB 00				jmp V1

						;---Find sampling rate---
 0000014C					V1:
 0000014C  83 F8 00					cmp eax, 00b
 0000014F  74 0A					jz V1S1

 00000151  83 F8 01					cmp eax, 01b
 00000154  74 0D					jz V1S2

 00000156  83 F8 02					cmp eax, 10b
 00000159  74 10					jz V1S3

 0000015B						V1S1:
 0000015B  BA 000000ED R					mov edx, offset vS10
 00000160  EB 6B						jmp DisplayRate
 00000162  C3							ret

 00000163						V1S2:
 00000163  BA 000000F7 R					mov edx, offset vS11
 00000168  EB 63						jmp DisplayRate
 0000016A  C3							ret

 0000016B						V1S3:
 0000016B  BA 00000101 R					mov edx, offset vS12
 00000170  EB 5B						jmp DisplayRate
 00000172  C3							ret

 00000173  C3						ret

 00000174					V2:
 00000174  83 F8 00					cmp eax, 00b
 00000177  74 0A					jz V2S1

 00000179  83 F8 01					cmp eax, 01b
 0000017C  74 0D					jz V2S2

 0000017E  83 F8 02					cmp eax, 10b
 00000181  74 10					jz V2S3

 00000183						V2S1:
 00000183  BA 0000010B R					mov edx, offset vS20
 00000188  EB 43						jmp DisplayRate
 0000018A  C3							ret
							
 0000018B						V2S2:
 0000018B  BA 00000115 R					mov edx, offset vS21
 00000190  EB 3B						jmp DisplayRate
 00000192  C3							ret

 00000193						V2S3:
 00000193  BA 0000011F R					mov edx, offset vS22
 00000198  EB 33						jmp DisplayRate
 0000019A  C3							ret

 0000019B  C3						ret

 0000019C					V25:
 0000019C  83 F8 00					cmp eax, 00b
 0000019F  74 0A					jz V3S1

 000001A1  83 F8 01					cmp eax, 01b
 000001A4  74 0D					jz V3S2

 000001A6  83 F8 02					cmp eax, 10b
 000001A9  74 10					jz V3S3

 000001AB						V3S1:
 000001AB  BA 00000129 R					mov edx, offset vS30
 000001B0  EB 1B						jmp DisplayRate
 000001B2  C3							ret
							
 000001B3						V3S2:
 000001B3  BA 00000133 R					mov edx, offset vS31
 000001B8  EB 13						jmp DisplayRate
 000001BA  C3							ret

 000001BB						V3S3:
 000001BB  BA 0000013D R					mov edx, offset vS32
 000001C0  EB 0B						jmp DisplayRate
 000001C2  C3							ret
 000001C3  C3						ret

 000001C4					SRE:
 000001C4  BA 00000146 R				mov edx, offset vSRE
 000001C9  EB 02					jmp DisplayRate
 000001CB  C3						ret

 000001CC  C3				ret

 000001CD			DisplayRate:
 000001CD  E8 00000000 E		call writestring
 000001D2  C3				ret


 000001D3				TheEnd:
						;--Clear up "Press any key"--
 000001D3  B6 12				mov dh, 18
 000001D5  B2 0C				mov dl, 12
 000001D7  E8 00000000 E			call gotoxy

 000001DC  33 C9				xor ecx, ecx
 000001DE  E8 00000000 E			call ReadChar

						exit
 000001E3  6A 00	   *	    push   +000000000h
 000001E5  E8 00000000 E   *	    call   ExitProcess
 000001EA			main ENDP
				END main
Microsoft (R) Macro Assembler Version 14.10.25019.0	    11/15/17 03:08:26
CS2810 Assembler Templat				     Symbols 2 - 1




Structures and Unions:

                N a m e                  Size
                                         Offset      Type

CONSOLE_CURSOR_INFO  . . . . . .	 00000008
  dwSize . . . . . . . . . . . .	 00000000	 DWord
  bVisible . . . . . . . . . . .	 00000004	 DWord
CONSOLE_SCREEN_BUFFER_INFO . . .	 00000016
  dwSize . . . . . . . . . . . .	 00000000	 DWord
  dwCursorPosition . . . . . . .	 00000004	 DWord
  wAttributes  . . . . . . . . .	 00000008	 Word
  srWindow . . . . . . . . . . .	 0000000A	 QWord
  dwMaximumWindowSize  . . . . .	 00000012	 DWord
COORD  . . . . . . . . . . . . .	 00000004
  X  . . . . . . . . . . . . . .	 00000000	 Word
  Y  . . . . . . . . . . . . . .	 00000002	 Word
FILETIME . . . . . . . . . . . .	 00000008
  loDateTime . . . . . . . . . .	 00000000	 DWord
  hiDateTime . . . . . . . . . .	 00000004	 DWord
FOCUS_EVENT_RECORD . . . . . . .	 00000004
  bSetFocus  . . . . . . . . . .	 00000000	 DWord
FPU_ENVIRON  . . . . . . . . . .	 0000001C
  controlWord  . . . . . . . . .	 00000000	 Word
  statusWord . . . . . . . . . .	 00000004	 Word
  tagWord  . . . . . . . . . . .	 00000008	 Word
  instrPointerOffset . . . . . .	 0000000C	 DWord
  instrPointerSelector . . . . .	 00000010	 DWord
  operandPointerOffset . . . . .	 00000014	 DWord
  operandPointerSelector . . . .	 00000018	 Word
INPUT_RECORD . . . . . . . . . .	 00000014
  EventType  . . . . . . . . . .	 00000000	 Word
  Event  . . . . . . . . . . . .	 00000004	 XmmWord
  bKeyDown . . . . . . . . . . .	 00000000	 DWord
  wRepeatCount . . . . . . . . .	 00000004	 Word
  wVirtualKeyCode  . . . . . . .	 00000006	 Word
  wVirtualScanCode . . . . . . .	 00000008	 Word
  uChar  . . . . . . . . . . . .	 0000000A	 Word
  UnicodeChar  . . . . . . . . .	 00000000	 Word
  AsciiChar  . . . . . . . . . .	 00000000	 Byte
  dwControlKeyState  . . . . . .	 0000000C	 DWord
  dwMousePosition  . . . . . . .	 00000000	 DWord
  dwButtonState  . . . . . . . .	 00000004	 DWord
  dwMouseControlKeyState . . . .	 00000008	 DWord
  dwEventFlags . . . . . . . . .	 0000000C	 DWord
  dwSize . . . . . . . . . . . .	 00000000	 DWord
  dwCommandId  . . . . . . . . .	 00000000	 DWord
  bSetFocus  . . . . . . . . . .	 00000000	 DWord
KEY_EVENT_RECORD . . . . . . . .	 00000010
  bKeyDown . . . . . . . . . . .	 00000000	 DWord
  wRepeatCount . . . . . . . . .	 00000004	 Word
  wVirtualKeyCode  . . . . . . .	 00000006	 Word
  wVirtualScanCode . . . . . . .	 00000008	 Word
  uChar  . . . . . . . . . . . .	 0000000A	 Word
  UnicodeChar  . . . . . . . . .	 00000000	 Word
  AsciiChar  . . . . . . . . . .	 00000000	 Byte
  dwControlKeyState  . . . . . .	 0000000C	 DWord
MENU_EVENT_RECORD  . . . . . . .	 00000004
  dwCommandId  . . . . . . . . .	 00000000	 DWord
MOUSE_EVENT_RECORD . . . . . . .	 00000010
  dwMousePosition  . . . . . . .	 00000000	 DWord
  dwButtonState  . . . . . . . .	 00000004	 DWord
  dwMouseControlKeyState . . . .	 00000008	 DWord
  dwEventFlags . . . . . . . . .	 0000000C	 DWord
SMALL_RECT . . . . . . . . . . .	 00000008
  Left . . . . . . . . . . . . .	 00000000	 Word
  Top  . . . . . . . . . . . . .	 00000002	 Word
  Right  . . . . . . . . . . . .	 00000004	 Word
  Bottom . . . . . . . . . . . .	 00000006	 Word
SYSTEMTIME . . . . . . . . . . .	 00000010
  wYear  . . . . . . . . . . . .	 00000000	 Word
  wMonth . . . . . . . . . . . .	 00000002	 Word
  wDayOfWeek . . . . . . . . . .	 00000004	 Word
  wDay . . . . . . . . . . . . .	 00000006	 Word
  wHour  . . . . . . . . . . . .	 00000008	 Word
  wMinute  . . . . . . . . . . .	 0000000A	 Word
  wSecond  . . . . . . . . . . .	 0000000C	 Word
  wMilliseconds  . . . . . . . .	 0000000E	 Word
WINDOW_BUFFER_SIZE_RECORD  . . .	 00000004
  dwSize . . . . . . . . . . . .	 00000000	 DWord


Segments and Groups:

                N a m e                 Size     Length   Align   Combine Class

FLAT . . . . . . . . . . . . . .	GROUP
STACK  . . . . . . . . . . . . .	32 Bit	 00001000 Para	  Stack	  'STACK'	 
_DATA  . . . . . . . . . . . . .	32 Bit	 00000158 Para	  Public  'DATA'	
_TEXT  . . . . . . . . . . . . .	32 Bit	 000001EA Para	  Public  'CODE'	


Procedures, parameters, and locals:

                N a m e                 Type     Value    Attr

CloseFile  . . . . . . . . . . .	P Near	 00000000 FLAT	Length= 00000000 External STDCALL
CloseHandle  . . . . . . . . . .	P Near	 00000000 FLAT	Length= 00000000 External STDCALL
Clrscr . . . . . . . . . . . . .	P Near	 00000000 FLAT	Length= 00000000 External STDCALL
CreateFileA  . . . . . . . . . .	P Near	 00000000 FLAT	Length= 00000000 External STDCALL
CreateOutputFile . . . . . . . .	P Near	 00000000 FLAT	Length= 00000000 External STDCALL
Crlf . . . . . . . . . . . . . .	P Near	 00000000 FLAT	Length= 00000000 External STDCALL
Delay  . . . . . . . . . . . . .	P Near	 00000000 FLAT	Length= 00000000 External STDCALL
DumpMem  . . . . . . . . . . . .	P Near	 00000000 FLAT	Length= 00000000 External STDCALL
DumpRegs . . . . . . . . . . . .	P Near	 00000000 FLAT	Length= 00000000 External STDCALL
ExitProcess  . . . . . . . . . .	P Near	 00000000 FLAT	Length= 00000000 External STDCALL
FileTimeToDosDateTime  . . . . .	P Near	 00000000 FLAT	Length= 00000000 External STDCALL
FileTimeToSystemTime . . . . . .	P Near	 00000000 FLAT	Length= 00000000 External STDCALL
FlushConsoleInputBuffer  . . . .	P Near	 00000000 FLAT	Length= 00000000 External STDCALL
FormatMessageA . . . . . . . . .	P Near	 00000000 FLAT	Length= 00000000 External STDCALL
GetCommandLineA  . . . . . . . .	P Near	 00000000 FLAT	Length= 00000000 External STDCALL
GetCommandTail . . . . . . . . .	P Near	 00000000 FLAT	Length= 00000000 External STDCALL
GetConsoleCP . . . . . . . . . .	P Near	 00000000 FLAT	Length= 00000000 External STDCALL
GetConsoleCursorInfo . . . . . .	P Near	 00000000 FLAT	Length= 00000000 External STDCALL
GetConsoleMode . . . . . . . . .	P Near	 00000000 FLAT	Length= 00000000 External STDCALL
GetConsoleScreenBufferInfo . . .	P Near	 00000000 FLAT	Length= 00000000 External STDCALL
GetDateTime  . . . . . . . . . .	P Near	 00000000 FLAT	Length= 00000000 External STDCALL
GetFileTime  . . . . . . . . . .	P Near	 00000000 FLAT	Length= 00000000 External STDCALL
GetKeyState  . . . . . . . . . .	P Near	 00000000 FLAT	Length= 00000000 External STDCALL
GetLastError . . . . . . . . . .	P Near	 00000000 FLAT	Length= 00000000 External STDCALL
GetLocalTime . . . . . . . . . .	P Near	 00000000 FLAT	Length= 00000000 External STDCALL
GetMaxXY . . . . . . . . . . . .	P Near	 00000000 FLAT	Length= 00000000 External STDCALL
GetMseconds  . . . . . . . . . .	P Near	 00000000 FLAT	Length= 00000000 External STDCALL
GetNumberOfConsoleInputEvents  .	P Near	 00000000 FLAT	Length= 00000000 External STDCALL
GetProcessHeap . . . . . . . . .	P Near	 00000000 FLAT	Length= 00000000 External STDCALL
GetStdHandle . . . . . . . . . .	P Near	 00000000 FLAT	Length= 00000000 External STDCALL
GetSystemTime  . . . . . . . . .	P Near	 00000000 FLAT	Length= 00000000 External STDCALL
GetTextColor . . . . . . . . . .	P Near	 00000000 FLAT	Length= 00000000 External STDCALL
GetTickCount . . . . . . . . . .	P Near	 00000000 FLAT	Length= 00000000 External STDCALL
Gotoxy . . . . . . . . . . . . .	P Near	 00000000 FLAT	Length= 00000000 External STDCALL
HeapAlloc  . . . . . . . . . . .	P Near	 00000000 FLAT	Length= 00000000 External STDCALL
HeapCreate . . . . . . . . . . .	P Near	 00000000 FLAT	Length= 00000000 External STDCALL
HeapDestroy  . . . . . . . . . .	P Near	 00000000 FLAT	Length= 00000000 External STDCALL
HeapFree . . . . . . . . . . . .	P Near	 00000000 FLAT	Length= 00000000 External STDCALL
HeapSize . . . . . . . . . . . .	P Near	 00000000 FLAT	Length= 00000000 External STDCALL
IsDigit  . . . . . . . . . . . .	P Near	 00000000 FLAT	Length= 00000000 External STDCALL
LocalFree  . . . . . . . . . . .	P Near	 00000000 FLAT	Length= 00000000 External STDCALL
MessageBoxA  . . . . . . . . . .	P Near	 00000000 FLAT	Length= 00000000 External STDCALL
MsgBoxAsk  . . . . . . . . . . .	P Near	 00000000 FLAT	Length= 00000000 External STDCALL
MsgBox . . . . . . . . . . . . .	P Near	 00000000 FLAT	Length= 00000000 External STDCALL
OpenInputFile  . . . . . . . . .	P Near	 00000000 FLAT	Length= 00000000 External STDCALL
ParseDecimal32 . . . . . . . . .	P Near	 00000000 FLAT	Length= 00000000 External STDCALL
ParseInteger32 . . . . . . . . .	P Near	 00000000 FLAT	Length= 00000000 External STDCALL
PeekConsoleInputA  . . . . . . .	P Near	 00000000 FLAT	Length= 00000000 External STDCALL
Random32 . . . . . . . . . . . .	P Near	 00000000 FLAT	Length= 00000000 External STDCALL
RandomRange  . . . . . . . . . .	P Near	 00000000 FLAT	Length= 00000000 External STDCALL
Randomize  . . . . . . . . . . .	P Near	 00000000 FLAT	Length= 00000000 External STDCALL
ReadChar . . . . . . . . . . . .	P Near	 00000000 FLAT	Length= 00000000 External STDCALL
ReadConsoleA . . . . . . . . . .	P Near	 00000000 FLAT	Length= 00000000 External STDCALL
ReadConsoleInputA  . . . . . . .	P Near	 00000000 FLAT	Length= 00000000 External STDCALL
ReadDec  . . . . . . . . . . . .	P Near	 00000000 FLAT	Length= 00000000 External STDCALL
ReadFile . . . . . . . . . . . .	P Near	 00000000 FLAT	Length= 00000000 External STDCALL
ReadFloat  . . . . . . . . . . .	P Near	 00000000 FLAT	Length= 00000000 External STDCALL
ReadFromFile . . . . . . . . . .	P Near	 00000000 FLAT	Length= 00000000 External STDCALL
ReadHex  . . . . . . . . . . . .	P Near	 00000000 FLAT	Length= 00000000 External STDCALL
ReadInt  . . . . . . . . . . . .	P Near	 00000000 FLAT	Length= 00000000 External STDCALL
ReadKeyFlush . . . . . . . . . .	P Near	 00000000 FLAT	Length= 00000000 External STDCALL
ReadKey  . . . . . . . . . . . .	P Near	 00000000 FLAT	Length= 00000000 External STDCALL
ReadString . . . . . . . . . . .	P Near	 00000000 FLAT	Length= 00000000 External STDCALL
SetConsoleCursorInfo . . . . . .	P Near	 00000000 FLAT	Length= 00000000 External STDCALL
SetConsoleCursorPosition . . . .	P Near	 00000000 FLAT	Length= 00000000 External STDCALL
SetConsoleMode . . . . . . . . .	P Near	 00000000 FLAT	Length= 00000000 External STDCALL
SetConsoleScreenBufferSize . . .	P Near	 00000000 FLAT	Length= 00000000 External STDCALL
SetConsoleTextAttribute  . . . .	P Near	 00000000 FLAT	Length= 00000000 External STDCALL
SetConsoleTitleA . . . . . . . .	P Near	 00000000 FLAT	Length= 00000000 External STDCALL
SetConsoleWindowInfo . . . . . .	P Near	 00000000 FLAT	Length= 00000000 External STDCALL
SetFilePointer . . . . . . . . .	P Near	 00000000 FLAT	Length= 00000000 External STDCALL
SetLocalTime . . . . . . . . . .	P Near	 00000000 FLAT	Length= 00000000 External STDCALL
SetTextColor . . . . . . . . . .	P Near	 00000000 FLAT	Length= 00000000 External STDCALL
ShowFPUStack . . . . . . . . . .	P Near	 00000000 FLAT	Length= 00000000 External STDCALL
Sleep  . . . . . . . . . . . . .	P Near	 00000000 FLAT	Length= 00000000 External STDCALL
StrLength  . . . . . . . . . . .	P Near	 00000000 FLAT	Length= 00000000 External STDCALL
Str_compare  . . . . . . . . . .	P Near	 00000000 FLAT	Length= 00000000 External STDCALL
Str_copy . . . . . . . . . . . .	P Near	 00000000 FLAT	Length= 00000000 External STDCALL
Str_length . . . . . . . . . . .	P Near	 00000000 FLAT	Length= 00000000 External STDCALL
Str_trim . . . . . . . . . . . .	P Near	 00000000 FLAT	Length= 00000000 External STDCALL
Str_ucase  . . . . . . . . . . .	P Near	 00000000 FLAT	Length= 00000000 External STDCALL
SystemTimeToFileTime . . . . . .	P Near	 00000000 FLAT	Length= 00000000 External STDCALL
WaitMsg  . . . . . . . . . . . .	P Near	 00000000 FLAT	Length= 00000000 External STDCALL
WriteBinB  . . . . . . . . . . .	P Near	 00000000 FLAT	Length= 00000000 External STDCALL
WriteBin . . . . . . . . . . . .	P Near	 00000000 FLAT	Length= 00000000 External STDCALL
WriteChar  . . . . . . . . . . .	P Near	 00000000 FLAT	Length= 00000000 External STDCALL
WriteConsoleA  . . . . . . . . .	P Near	 00000000 FLAT	Length= 00000000 External STDCALL
WriteConsoleOutputAttribute  . .	P Near	 00000000 FLAT	Length= 00000000 External STDCALL
WriteConsoleOutputCharacterA . .	P Near	 00000000 FLAT	Length= 00000000 External STDCALL
WriteDec . . . . . . . . . . . .	P Near	 00000000 FLAT	Length= 00000000 External STDCALL
WriteFile  . . . . . . . . . . .	P Near	 00000000 FLAT	Length= 00000000 External STDCALL
WriteFloat . . . . . . . . . . .	P Near	 00000000 FLAT	Length= 00000000 External STDCALL
WriteHexB  . . . . . . . . . . .	P Near	 00000000 FLAT	Length= 00000000 External STDCALL
WriteHex . . . . . . . . . . . .	P Near	 00000000 FLAT	Length= 00000000 External STDCALL
WriteInt . . . . . . . . . . . .	P Near	 00000000 FLAT	Length= 00000000 External STDCALL
WriteStackFrameName  . . . . . .	P Near	 00000000 FLAT	Length= 00000000 External STDCALL
WriteStackFrame  . . . . . . . .	P Near	 00000000 FLAT	Length= 00000000 External STDCALL
WriteString  . . . . . . . . . .	P Near	 00000000 FLAT	Length= 00000000 External STDCALL
WriteToFile  . . . . . . . . . .	P Near	 00000000 FLAT	Length= 00000000 External STDCALL
WriteWindowsMsg  . . . . . . . .	P Near	 00000000 FLAT	Length= 00000000 External STDCALL
main . . . . . . . . . . . . . .	P Near	 00000000 _TEXT	Length= 000001EA Public STDCALL
  Heading  . . . . . . . . . . .	L Near	 00000023 _TEXT	
  Prompt . . . . . . . . . . . .	L Near	 0000005D _TEXT	
  Version  . . . . . . . . . . .	L Near	 00000081 _TEXT	
  dMPEG25  . . . . . . . . . . .	L Near	 000000A6 _TEXT	
  dMPEGRE  . . . . . . . . . . .	L Near	 000000AE _TEXT	
  dMPEG20  . . . . . . . . . . .	L Near	 000000B6 _TEXT	
  DisplayVersion . . . . . . . .	L Near	 000000BF _TEXT	
  Layer  . . . . . . . . . . . .	L Near	 000000CB _TEXT	
  dReserved  . . . . . . . . . .	L Near	 000000F2 _TEXT	
  dLayer3  . . . . . . . . . . .	L Near	 000000FA _TEXT	
  dLayer2  . . . . . . . . . . .	L Near	 00000102 _TEXT	
  DisplayLayer . . . . . . . . .	L Near	 0000010B _TEXT	
  SampleRate . . . . . . . . . .	L Near	 00000111 _TEXT	
  V1 . . . . . . . . . . . . . .	L Near	 0000014C _TEXT	
  V1S1 . . . . . . . . . . . . .	L Near	 0000015B _TEXT	
  V1S2 . . . . . . . . . . . . .	L Near	 00000163 _TEXT	
  V1S3 . . . . . . . . . . . . .	L Near	 0000016B _TEXT	
  V2 . . . . . . . . . . . . . .	L Near	 00000174 _TEXT	
  V2S1 . . . . . . . . . . . . .	L Near	 00000183 _TEXT	
  V2S2 . . . . . . . . . . . . .	L Near	 0000018B _TEXT	
  V2S3 . . . . . . . . . . . . .	L Near	 00000193 _TEXT	
  V25  . . . . . . . . . . . . .	L Near	 0000019C _TEXT	
  V3S1 . . . . . . . . . . . . .	L Near	 000001AB _TEXT	
  V3S2 . . . . . . . . . . . . .	L Near	 000001B3 _TEXT	
  V3S3 . . . . . . . . . . . . .	L Near	 000001BB _TEXT	
  SRE  . . . . . . . . . . . . .	L Near	 000001C4 _TEXT	
  DisplayRate  . . . . . . . . .	L Near	 000001CD _TEXT	
  TheEnd . . . . . . . . . . . .	L Near	 000001D3 _TEXT	
printf . . . . . . . . . . . . .	P Near	 00000000 FLAT	Length= 00000000 External C
scanf  . . . . . . . . . . . . .	P Near	 00000000 FLAT	Length= 00000000 External C
wsprintfA  . . . . . . . . . . .	P Near	 00000000 FLAT	Length= 00000000 External C


Symbols:

                N a m e                 Type     Value    Attr

@CodeSize  . . . . . . . . . . .	Number	 00000000h   
@DataSize  . . . . . . . . . . .	Number	 00000000h   
@Interface . . . . . . . . . . .	Number	 00000003h   
@Model . . . . . . . . . . . . .	Number	 00000007h   
@code  . . . . . . . . . . . . .	Text   	 _TEXT
@data  . . . . . . . . . . . . .	Text   	 FLAT
@fardata?  . . . . . . . . . . .	Text   	 FLAT
@fardata . . . . . . . . . . . .	Text   	 FLAT
@stack . . . . . . . . . . . . .	Text   	 FLAT
ALT_MASK . . . . . . . . . . . .	Number	 00000003h   
CAPSLOCK_ON  . . . . . . . . . .	Number	 00000080h   
CREATE_ALWAYS  . . . . . . . . .	Number	 00000002h   
CREATE_NEW . . . . . . . . . . .	Number	 00000001h   
CTRL_MASK  . . . . . . . . . . .	Number	 0000000Ch   
CreateFile . . . . . . . . . . .	Text   	 CreateFileA
DO_NOT_SHARE . . . . . . . . . .	Number	 00000000h   
ENABLE_ECHO_INPUT  . . . . . . .	Number	 00000004h   
ENABLE_LINE_INPUT  . . . . . . .	Number	 00000002h   
ENABLE_MOUSE_INPUT . . . . . . .	Number	 00000010h   
ENABLE_PROCESSED_INPUT . . . . .	Number	 00000001h   
ENABLE_PROCESSED_OUTPUT  . . . .	Number	 00000001h   
ENABLE_WINDOW_INPUT  . . . . . .	Number	 00000008h   
ENABLE_WRAP_AT_EOL_OUTPUT  . . .	Number	 00000002h   
ENHANCED_KEY . . . . . . . . . .	Number	 00000100h   
FALSE  . . . . . . . . . . . . .	Number	 00000000h   
FILE_APPEND_DATA . . . . . . . .	Number	 00000004h   
FILE_ATTRIBUTE_ARCHIVE . . . . .	Number	 00000020h   
FILE_ATTRIBUTE_COMPRESSED  . . .	Number	 00000800h   
FILE_ATTRIBUTE_DEVICE  . . . . .	Number	 00000040h   
FILE_ATTRIBUTE_DIRECTORY . . . .	Number	 00000010h   
FILE_ATTRIBUTE_ENCRYPTED . . . .	Number	 00004000h   
FILE_ATTRIBUTE_HIDDEN  . . . . .	Number	 00000002h   
FILE_ATTRIBUTE_NORMAL  . . . . .	Number	 00000080h   
FILE_ATTRIBUTE_NOT_CONTENT_INDEXED .	Number	 00002000h   
FILE_ATTRIBUTE_OFFLINE . . . . .	Number	 00001000h   
FILE_ATTRIBUTE_READONLY  . . . .	Number	 00000001h   
FILE_ATTRIBUTE_REPARSE_POINT . .	Number	 00000400h   
FILE_ATTRIBUTE_SPARSE_FILE . . .	Number	 00000200h   
FILE_ATTRIBUTE_SYSTEM  . . . . .	Number	 00000004h   
FILE_ATTRIBUTE_TEMPORARY . . . .	Number	 00000100h   
FILE_BEGIN . . . . . . . . . . .	Number	 00000000h   
FILE_CURRENT . . . . . . . . . .	Number	 00000001h   
FILE_DELETE_CHILD  . . . . . . .	Number	 00000040h   
FILE_END . . . . . . . . . . . .	Number	 00000002h   
FILE_READ_DATA . . . . . . . . .	Number	 00000001h   
FILE_SHARE_DELETE  . . . . . . .	Number	 00000004h   
FILE_SHARE_READ  . . . . . . . .	Number	 00000001h   
FILE_SHARE_WRITE . . . . . . . .	Number	 00000002h   
FILE_WRITE_DATA  . . . . . . . .	Number	 00000002h   
FOCUS_EVENT  . . . . . . . . . .	Number	 00000010h   
FORMAT_MESSAGE_ALLOCATE_BUFFER .	Number	 00000100h   
FORMAT_MESSAGE_FROM_SYSTEM . . .	Number	 00001000h   
FormatMessage  . . . . . . . . .	Text   	 FormatMessageA
GENERIC_ALL  . . . . . . . . . .	Number	 10000000h   
GENERIC_EXECUTE  . . . . . . . .	Number	 20000000h   
GENERIC_READ . . . . . . . . . .	Number	 -80000000h   
GENERIC_WRITE  . . . . . . . . .	Number	 40000000h   
GetCommandLine . . . . . . . . .	Text   	 GetCommandLineA
HANDLE . . . . . . . . . . . . .	Text   	 DWORD
HEAP_GENERATE_EXCEPTIONS . . . .	Number	 00000004h   
HEAP_GROWABLE  . . . . . . . . .	Number	 00000002h   
HEAP_NO_SERIALIZE  . . . . . . .	Number	 00000001h   
HEAP_REALLOC_IN_PLACE_ONLY . . .	Number	 00000010h   
HEAP_ZERO_MEMORY . . . . . . . .	Number	 00000008h   
IDABORT  . . . . . . . . . . . .	Number	 00000003h   
IDCANCEL . . . . . . . . . . . .	Number	 00000002h   
IDCLOSE  . . . . . . . . . . . .	Number	 00000008h   
IDCONTINUE . . . . . . . . . . .	Number	 0000000Bh   
IDHELP . . . . . . . . . . . . .	Number	 00000009h   
IDIGNORE . . . . . . . . . . . .	Number	 00000005h   
IDNO . . . . . . . . . . . . . .	Number	 00000007h   
IDOK . . . . . . . . . . . . . .	Number	 00000001h   
IDRETRY  . . . . . . . . . . . .	Number	 00000004h   
IDTIMEOUT  . . . . . . . . . . .	Number	 00007D00h   
IDTRYAGAIN . . . . . . . . . . .	Number	 0000000Ah   
IDYES  . . . . . . . . . . . . .	Number	 00000006h   
INVALID_HANDLE_VALUE . . . . . .	Number	 -00000001h   
KBDOWN_FLAG  . . . . . . . . . .	Number	 00000001h   
KEY_EVENT  . . . . . . . . . . .	Number	 00000001h   
KEY_MASKS  . . . . . . . . . . .	Number	 0000001Fh   
LEFT_ALT_PRESSED . . . . . . . .	Number	 00000002h   
LEFT_CTRL_PRESSED  . . . . . . .	Number	 00000008h   
MB_ABORTRETRYIGNORE  . . . . . .	Number	 00000002h   
MB_APPLMODAL . . . . . . . . . .	Number	 00000000h   
MB_CANCELTRYCONTINUE . . . . . .	Number	 00000006h   
MB_DEFBUTTON1  . . . . . . . . .	Number	 00000000h   
MB_DEFBUTTON2  . . . . . . . . .	Number	 00000100h   
MB_DEFBUTTON3  . . . . . . . . .	Number	 00000200h   
MB_DEFBUTTON4  . . . . . . . . .	Number	 00000300h   
MB_HELP  . . . . . . . . . . . .	Number	 00004000h   
MB_ICONASTERISK  . . . . . . . .	Number	 00000040h   
MB_ICONERROR . . . . . . . . . .	Number	 00000010h   
MB_ICONEXCLAMATION . . . . . . .	Number	 00000030h   
MB_ICONHAND  . . . . . . . . . .	Number	 00000010h   
MB_ICONINFORMATION . . . . . . .	Number	 00000040h   
MB_ICONQUESTION  . . . . . . . .	Number	 00000020h   
MB_ICONSTOP  . . . . . . . . . .	Number	 00000010h   
MB_ICONWARNING . . . . . . . . .	Number	 00000030h   
MB_OKCANCEL  . . . . . . . . . .	Number	 00000001h   
MB_OK  . . . . . . . . . . . . .	Number	 00000000h   
MB_RETRYCANCEL . . . . . . . . .	Number	 00000005h   
MB_SYSTEMMODAL . . . . . . . . .	Number	 00001000h   
MB_TASKMODAL . . . . . . . . . .	Number	 00002000h   
MB_USERICON  . . . . . . . . . .	Number	 00000080h   
MB_YESNOCANCEL . . . . . . . . .	Number	 00000003h   
MB_YESNO . . . . . . . . . . . .	Number	 00000004h   
MENU_EVENT . . . . . . . . . . .	Number	 00000008h   
MOUSE_EVENT  . . . . . . . . . .	Number	 00000002h   
MessageBox . . . . . . . . . . .	Text   	 MessageBoxA
NULL . . . . . . . . . . . . . .	Number	 00000000h   
NUMLOCK_ON . . . . . . . . . . .	Number	 00000020h   
OPEN_ALWAYS  . . . . . . . . . .	Number	 00000004h   
OPEN_EXISTING  . . . . . . . . .	Number	 00000003h   
PeekConsoleInput . . . . . . . .	Text   	 PeekConsoleInputA
RIGHT_ALT_PRESSED  . . . . . . .	Number	 00000001h   
RIGHT_CTRL_PRESSED . . . . . . .	Number	 00000004h   
ReadConsoleInput . . . . . . . .	Text   	 ReadConsoleInputA
ReadConsole  . . . . . . . . . .	Text   	 ReadConsoleA
SCROLLLOCK_ON  . . . . . . . . .	Number	 00000040h   
SHIFT_MASK . . . . . . . . . . .	Number	 00000010h   
SHIFT_PRESSED  . . . . . . . . .	Number	 00000010h   
STD_ERROR_HANDLE . . . . . . . .	Number	 -0000000Ch   
STD_INPUT_HANDLE . . . . . . . .	Number	 -0000000Ah   
STD_OUTPUT_HANDLE  . . . . . . .	Number	 -0000000Bh   
SetConsoleTitle  . . . . . . . .	Text   	 SetConsoleTitleA
TAB  . . . . . . . . . . . . . .	Number	 00000009h   
TRUE . . . . . . . . . . . . . .	Number	 00000001h   
TRUNCATE_EXISTING  . . . . . . .	Number	 00000005h   
VK_11  . . . . . . . . . . . . .	Number	 000000BDh   
VK_12  . . . . . . . . . . . . .	Number	 000000BBh   
VK_ADD . . . . . . . . . . . . .	Number	 0000006Bh   
VK_BACK  . . . . . . . . . . . .	Number	 00000008h   
VK_CANCEL  . . . . . . . . . . .	Number	 00000003h   
VK_CAPITAL . . . . . . . . . . .	Number	 00000014h   
VK_CLEAR . . . . . . . . . . . .	Number	 0000000Ch   
VK_CONTROL . . . . . . . . . . .	Number	 00000011h   
VK_DECIMAL . . . . . . . . . . .	Number	 0000006Eh   
VK_DELETE  . . . . . . . . . . .	Number	 0000002Eh   
VK_DIVIDE  . . . . . . . . . . .	Number	 0000006Fh   
VK_DOWN  . . . . . . . . . . . .	Number	 00000028h   
VK_END . . . . . . . . . . . . .	Number	 00000023h   
VK_ESCAPE  . . . . . . . . . . .	Number	 0000001Bh   
VK_EXECUTE . . . . . . . . . . .	Number	 0000002Bh   
VK_F10 . . . . . . . . . . . . .	Number	 00000079h   
VK_F11 . . . . . . . . . . . . .	Number	 0000007Ah   
VK_F12 . . . . . . . . . . . . .	Number	 0000007Bh   
VK_F13 . . . . . . . . . . . . .	Number	 0000007Ch   
VK_F14 . . . . . . . . . . . . .	Number	 0000007Dh   
VK_F15 . . . . . . . . . . . . .	Number	 0000007Eh   
VK_F16 . . . . . . . . . . . . .	Number	 0000007Fh   
VK_F17 . . . . . . . . . . . . .	Number	 00000080h   
VK_F18 . . . . . . . . . . . . .	Number	 00000081h   
VK_F19 . . . . . . . . . . . . .	Number	 00000082h   
VK_F1  . . . . . . . . . . . . .	Number	 00000070h   
VK_F20 . . . . . . . . . . . . .	Number	 00000083h   
VK_F21 . . . . . . . . . . . . .	Number	 00000084h   
VK_F22 . . . . . . . . . . . . .	Number	 00000085h   
VK_F23 . . . . . . . . . . . . .	Number	 00000086h   
VK_F24 . . . . . . . . . . . . .	Number	 00000087h   
VK_F2  . . . . . . . . . . . . .	Number	 00000071h   
VK_F3  . . . . . . . . . . . . .	Number	 00000072h   
VK_F4  . . . . . . . . . . . . .	Number	 00000073h   
VK_F5  . . . . . . . . . . . . .	Number	 00000074h   
VK_F6  . . . . . . . . . . . . .	Number	 00000075h   
VK_F7  . . . . . . . . . . . . .	Number	 00000076h   
VK_F8  . . . . . . . . . . . . .	Number	 00000077h   
VK_F9  . . . . . . . . . . . . .	Number	 00000078h   
VK_HELP  . . . . . . . . . . . .	Number	 0000002Fh   
VK_HOME  . . . . . . . . . . . .	Number	 00000024h   
VK_INSERT  . . . . . . . . . . .	Number	 0000002Dh   
VK_LBUTTON . . . . . . . . . . .	Number	 00000001h   
VK_LCONTROL  . . . . . . . . . .	Number	 000000A2h   
VK_LEFT  . . . . . . . . . . . .	Number	 00000025h   
VK_LMENU . . . . . . . . . . . .	Number	 000000A4h   
VK_LSHIFT  . . . . . . . . . . .	Number	 000000A0h   
VK_MENU  . . . . . . . . . . . .	Number	 00000012h   
VK_MULTIPLY  . . . . . . . . . .	Number	 0000006Ah   
VK_NEXT  . . . . . . . . . . . .	Number	 00000022h   
VK_NUMLOCK . . . . . . . . . . .	Number	 00000090h   
VK_NUMPAD0 . . . . . . . . . . .	Number	 00000060h   
VK_NUMPAD1 . . . . . . . . . . .	Number	 00000061h   
VK_NUMPAD2 . . . . . . . . . . .	Number	 00000062h   
VK_NUMPAD3 . . . . . . . . . . .	Number	 00000063h   
VK_NUMPAD4 . . . . . . . . . . .	Number	 00000064h   
VK_NUMPAD5 . . . . . . . . . . .	Number	 00000065h   
VK_NUMPAD6 . . . . . . . . . . .	Number	 00000066h   
VK_NUMPAD7 . . . . . . . . . . .	Number	 00000067h   
VK_NUMPAD8 . . . . . . . . . . .	Number	 00000068h   
VK_NUMPAD9 . . . . . . . . . . .	Number	 00000069h   
VK_PAUSE . . . . . . . . . . . .	Number	 00000013h   
VK_PRINT . . . . . . . . . . . .	Number	 0000002Ah   
VK_PRIOR . . . . . . . . . . . .	Number	 00000021h   
VK_RBUTTON . . . . . . . . . . .	Number	 00000002h   
VK_RCONTROL  . . . . . . . . . .	Number	 000000A3h   
VK_RETURN  . . . . . . . . . . .	Number	 0000000Dh   
VK_RIGHT . . . . . . . . . . . .	Number	 00000027h   
VK_RMENU . . . . . . . . . . . .	Number	 000000A5h   
VK_RSHIFT  . . . . . . . . . . .	Number	 000000A1h   
VK_SCROLL  . . . . . . . . . . .	Number	 00000091h   
VK_SEPARATER . . . . . . . . . .	Number	 0000006Ch   
VK_SHIFT . . . . . . . . . . . .	Number	 00000010h   
VK_SNAPSHOT  . . . . . . . . . .	Number	 0000002Ch   
VK_SPACE . . . . . . . . . . . .	Number	 00000020h   
VK_SUBTRACT  . . . . . . . . . .	Number	 0000006Dh   
VK_TAB . . . . . . . . . . . . .	Number	 00000009h   
VK_UP  . . . . . . . . . . . . .	Number	 00000026h   
VVersion . . . . . . . . . . . .	Byte	 000000BE _DATA	
WINDOW_BUFFER_SIZE_EVENT . . . .	Number	 00000004h   
WriteConsoleOutputCharacter  . .	Text   	 WriteConsoleOutputCharacterA
WriteConsole . . . . . . . . . .	Text   	 WriteConsoleA
black  . . . . . . . . . . . . .	Number	 00000000h   
blue . . . . . . . . . . . . . .	Number	 00000001h   
brown  . . . . . . . . . . . . .	Number	 00000006h   
cyan . . . . . . . . . . . . . .	Number	 00000003h   
exit . . . . . . . . . . . . . .	Text   	 INVOKE ExitProcess,0
gray . . . . . . . . . . . . . .	Number	 00000008h   
green  . . . . . . . . . . . . .	Number	 00000002h   
lightBlue  . . . . . . . . . . .	Number	 00000009h   
lightCyan  . . . . . . . . . . .	Number	 0000000Bh   
lightGray  . . . . . . . . . . .	Number	 00000007h   
lightGreen . . . . . . . . . . .	Number	 0000000Ah   
lightMagenta . . . . . . . . . .	Number	 0000000Dh   
lightRed . . . . . . . . . . . .	Number	 0000000Ch   
magenta  . . . . . . . . . . . .	Number	 00000005h   
red  . . . . . . . . . . . . . .	Number	 00000004h   
vL1  . . . . . . . . . . . . . .	Byte	 000000C0 _DATA	
vL2  . . . . . . . . . . . . . .	Byte	 000000C8 _DATA	
vL3  . . . . . . . . . . . . . .	Byte	 000000D1 _DATA	
vLR  . . . . . . . . . . . . . .	Byte	 000000DB _DATA	
vMPEG1 . . . . . . . . . . . . .	Byte	 00000072 _DATA	
vMPEG20  . . . . . . . . . . . .	Byte	 00000083 _DATA	
vMPEG25  . . . . . . . . . . . .	Byte	 00000094 _DATA	
vMPEGRE  . . . . . . . . . . . .	Byte	 000000A5 _DATA	
vName  . . . . . . . . . . . . .	Byte	 00000032 _DATA	
vProject . . . . . . . . . . . .	Byte	 0000001A _DATA	
vPrompt  . . . . . . . . . . . .	Byte	 00000041 _DATA	
vS10 . . . . . . . . . . . . . .	Byte	 000000ED _DATA	
vS11 . . . . . . . . . . . . . .	Byte	 000000F7 _DATA	
vS12 . . . . . . . . . . . . . .	Byte	 00000101 _DATA	
vS20 . . . . . . . . . . . . . .	Byte	 0000010B _DATA	
vS21 . . . . . . . . . . . . . .	Byte	 00000115 _DATA	
vS22 . . . . . . . . . . . . . .	Byte	 0000011F _DATA	
vS30 . . . . . . . . . . . . . .	Byte	 00000129 _DATA	
vS31 . . . . . . . . . . . . . .	Byte	 00000133 _DATA	
vS32 . . . . . . . . . . . . . .	Byte	 0000013D _DATA	
vSRE . . . . . . . . . . . . . .	Byte	 00000146 _DATA	
vSemester  . . . . . . . . . . .	Byte	 00000000 _DATA	
white  . . . . . . . . . . . . .	Number	 0000000Fh   
wsprintf . . . . . . . . . . . .	Text   	 wsprintfA
yellow . . . . . . . . . . . . .	Number	 0000000Eh   

	   0 Warnings
	   0 Errors
